2026-02-02 18:44:11 INFO  [background-preinit] [server=] [reqId=] o.h.v.i.u.Version (<clinit>:21) - HV000001: Hibernate Validator 8.0.3.Final
2026-02-02 18:44:11 INFO  [main] [server=] [reqId=] c.i.O.OnlineCompilerBackendApplication (logStarting:53) - Starting OnlineCompilerBackendApplication using Java 17.0.12 with PID 28060 (D:\OnlineCompiler\OnlineCompilerBackend\target\classes started by chirag.suryawanshi in D:\OnlineCompiler\OnlineCompilerBackend)
2026-02-02 18:44:11 DEBUG [main] [server=] [reqId=] c.i.O.OnlineCompilerBackendApplication (logStarting:54) - Running with Spring Boot v3.5.10, Spring v6.2.15
2026-02-02 18:44:11 INFO  [main] [server=] [reqId=] c.i.O.OnlineCompilerBackendApplication (logStartupProfileInfo:652) - No active profile set, falling back to 1 default profile: "default"
2026-02-02 18:44:12 INFO  [main] [server=] [reqId=] o.s.d.r.c.RepositoryConfigurationDelegate (registerRepositoriesIn:145) - Bootstrapping Spring Data JPA repositories in DEFAULT mode.
2026-02-02 18:44:12 INFO  [main] [server=] [reqId=] o.s.d.r.c.RepositoryConfigurationDelegate (registerRepositoriesIn:213) - Finished Spring Data repository scanning in 149 ms. Found 5 JPA repository interfaces.
2026-02-02 18:44:13 INFO  [main] [server=] [reqId=] o.s.b.w.e.t.TomcatWebServer (initialize:111) - Tomcat initialized with port 8080 (http)
2026-02-02 18:44:13 INFO  [main] [server=] [reqId=] o.a.c.h.Http11NioProtocol (log:168) - Initializing ProtocolHandler ["http-nio-8080"]
2026-02-02 18:44:13 INFO  [main] [server=] [reqId=] o.a.c.c.StandardService (log:168) - Starting service [Tomcat]
2026-02-02 18:44:13 INFO  [main] [server=] [reqId=] o.a.c.c.StandardEngine (log:168) - Starting Servlet engine: [Apache Tomcat/10.1.50]
2026-02-02 18:44:14 INFO  [main] [server=] [reqId=] o.a.c.c.C.[.[.[/] (log:168) - Initializing Spring embedded WebApplicationContext
2026-02-02 18:44:14 INFO  [main] [server=] [reqId=] o.s.b.w.s.c.ServletWebServerApplicationContext (prepareWebApplicationContext:301) - Root WebApplicationContext: initialization completed in 2689 ms
2026-02-02 18:44:14 INFO  [main] [server=] [reqId=] c.z.h.HikariDataSource (getConnection:109) - HikariPool-1 - Starting...
2026-02-02 18:44:15 INFO  [main] [server=] [reqId=] c.z.h.p.HikariPool (checkFailFast:580) - HikariPool-1 - Added connection oracle.jdbc.driver.T4CConnection@22b7ef2b
2026-02-02 18:44:15 INFO  [main] [server=] [reqId=] c.z.h.HikariDataSource (getConnection:122) - HikariPool-1 - Start completed.
2026-02-02 18:44:15 INFO  [main] [server=] [reqId=] o.h.j.i.u.LogHelper (logPersistenceUnitInformation:31) - HHH000204: Processing PersistenceUnitInfo [name: default]
2026-02-02 18:44:15 INFO  [main] [server=] [reqId=] o.h.Version (logVersion:44) - HHH000412: Hibernate ORM core version 6.6.41.Final
2026-02-02 18:44:15 INFO  [main] [server=] [reqId=] o.h.c.i.RegionFactoryInitiator (initiateService:50) - HHH000026: Second-level cache disabled
2026-02-02 18:44:16 INFO  [main] [server=] [reqId=] o.s.o.j.p.SpringPersistenceUnitInfo (addTransformer:87) - No LoadTimeWeaver setup: ignoring JPA class transformer
2026-02-02 18:44:16 INFO  [main] [server=] [reqId=] o.h.o.c.pooling (logConnectionInfo:163) - HHH10001005: Database info:
	Database JDBC URL [Connecting through datasource 'HikariDataSource (HikariPool-1)']
	Database driver: undefined/unknown
	Database version: 21.3
	Autocommit mode: undefined/unknown
	Isolation level: undefined/unknown
	Minimum pool size: undefined/unknown
	Maximum pool size: undefined/unknown
2026-02-02 18:44:17 INFO  [main] [server=] [reqId=] o.h.e.t.j.p.i.JtaPlatformInitiator (initiateService:59) - HHH000489: No JTA platform available (set 'hibernate.transaction.jta.platform' to enable JTA platform integration)
2026-02-02 18:44:17 INFO  [main] [server=] [reqId=] o.s.o.j.LocalContainerEntityManagerFactoryBean (buildNativeEntityManagerFactory:447) - Initialized JPA EntityManagerFactory for persistence unit 'default'
2026-02-02 18:44:18 INFO  [main] [server=] [reqId=] o.s.d.j.r.q.QueryEnhancerFactory (<clinit>:49) - Hibernate is in classpath; If applicable, HQL parser will be used.
2026-02-02 18:44:19 WARN  [main] [server=] [reqId=] o.s.b.a.o.j.JpaBaseConfiguration$JpaWebConfiguration (openEntityManagerInViewInterceptor:258) - spring.jpa.open-in-view is enabled by default. Therefore, database queries may be performed during view rendering. Explicitly configure spring.jpa.open-in-view to disable this warning
2026-02-02 18:44:20 INFO  [main] [server=] [reqId=] o.a.c.h.Http11NioProtocol (log:168) - Starting ProtocolHandler ["http-nio-8080"]
2026-02-02 18:44:20 INFO  [main] [server=] [reqId=] o.s.b.w.e.t.TomcatWebServer (start:243) - Tomcat started on port 8080 (http) with context path '/'
2026-02-02 18:44:20 INFO  [main] [server=] [reqId=] c.i.O.OnlineCompilerBackendApplication (logStarted:59) - Started OnlineCompilerBackendApplication in 10.245 seconds (process running for 11.707)
2026-02-02 18:50:13 INFO  [http-nio-8080-exec-1] [server=] [reqId=] o.a.c.c.C.[.[.[/] (log:168) - Initializing Spring DispatcherServlet 'dispatcherServlet'
2026-02-02 18:50:13 INFO  [http-nio-8080-exec-1] [server=] [reqId=] o.s.w.s.DispatcherServlet (initServletBean:532) - Initializing Servlet 'dispatcherServlet'
2026-02-02 18:50:13 INFO  [http-nio-8080-exec-1] [server=] [reqId=] o.s.w.s.DispatcherServlet (initServletBean:554) - Completed initialization in 4 ms
